<?xml version="1.0" encoding="UTF-8"?>
<!-- Generated by org.testng.reporters.JUnitReportReporter -->
<testsuite skipped="0" hostname="mahbub-VirtualBox" name="com.tt.TestRunner.TestRunner" tests="1" failures="0" timestamp="30 Dec 2018 05:22:51 GMT" time="0.016" errors="0">
  <testcase name="feature" time="0.016" classname="com.tt.TestRunner.TestRunner"/>
</testsuite> <!-- com.tt.TestRunner.TestRunner -->
